<?xml version="1.0" encoding="UTF-8"?>
<!-- Generated by org.testng.reporters.JUnitReportReporter -->
<testsuite hostname="DESKTOP-LEFU94L" name="DemoTest" tests="1" failures="0" timestamp="28 Aug 2018 21:33:23 GMT" time="4.101" errors="0">
  <testcase name="loginTest" time="4.101" classname="DemoTest"/>
</testsuite> <!-- DemoTest -->
